# JRE version: Java(TM) SE Runtime Environment (8.0_162-b12) (build 1.8.0_162-b12)
# Java VM: Java HotSpot(TM) 64-Bit Server VM (25.162-b12 mixed mode windows-amd64 compressed oops)
Heap:
 PSYoungGen      total 76288K, used 53673K [0x000000076b000000, 0x0000000774500000, 0x00000007c0000000)
  eden space 65536K, 67% used [0x000000076b000000,0x000000076db34190,0x000000076f000000)
  from space 10752K, 87% used [0x000000076f000000,0x000000076f9364a8,0x000000076fa80000)
  to   space 10752K, 0% used [0x0000000773a80000,0x0000000773a80000,0x0000000774500000)
 ParOldGen       total 175104K, used 36103K [0x00000006c1000000, 0x00000006cbb00000, 0x000000076b000000)
  object space 175104K, 20% used [0x00000006c1000000,0x00000006c3341d60,0x00000006cbb00000)
 Metaspace       used 19338K, capacity 19647K, committed 20096K, reserved 1067008K
  class space    used 2244K, capacity 2333K, committed 2432K, reserved 1048576K
GC Heap History (6 events):
Event: 4.894 GC heap before
{Heap before GC invocations=1 (full 0):
 PSYoungGen      total 76288K, used 65536K [0x000000076b000000, 0x0000000770500000, 0x00000007c0000000)
  eden space 65536K, 100% used [0x000000076b000000,0x000000076f000000,0x000000076f000000)
  from space 10752K, 0% used [0x000000076fa80000,0x000000076fa80000,0x0000000770500000)
  to   space 10752K, 0% used [0x000000076f000000,0x000000076f000000,0x000000076fa80000)
 ParOldGen       total 175104K, used 0K [0x00000006c1000000, 0x00000006cbb00000, 0x000000076b000000)
  object space 175104K, 0% used [0x00000006c1000000,0x00000006c1000000,0x00000006cbb00000)
 Metaspace       used 18430K, capacity 18687K, committed 18944K, reserved 1067008K
  class space    used 2186K, capacity 2269K, committed 2304K, reserved 1048576K
Event: 4.902 GC heap after
Heap after GC invocations=1 (full 0):
 PSYoungGen      total 76288K, used 10746K [0x000000076b000000, 0x0000000770500000, 0x00000007c0000000)
  eden space 65536K, 0% used [0x000000076b000000,0x000000076b000000,0x000000076f000000)
  from space 10752K, 99% used [0x000000076f000000,0x000000076fa7ea98,0x000000076fa80000)
  to   space 10752K, 0% used [0x000000076fa80000,0x000000076fa80000,0x0000000770500000)
 ParOldGen       total 175104K, used 6249K [0x00000006c1000000, 0x00000006cbb00000, 0x000000076b000000)
  object space 175104K, 3% used [0x00000006c1000000,0x00000006c161a6b8,0x00000006cbb00000)
 Metaspace       used 18430K, capacity 18687K, committed 18944K, reserved 1067008K
  class space    used 2186K, capacity 2269K, committed 2304K, reserved 1048576K
}
Event: 5.237 GC heap before
{Heap before GC invocations=2 (full 0):
 PSYoungGen      total 76288K, used 76282K [0x000000076b000000, 0x0000000770500000, 0x00000007c0000000)
  eden space 65536K, 100% used [0x000000076b000000,0x000000076f000000,0x000000076f000000)
  from space 10752K, 99% used [0x000000076f000000,0x000000076fa7ea98,0x000000076fa80000)
  to   space 10752K, 0% used [0x000000076fa80000,0x000000076fa80000,0x0000000770500000)
 ParOldGen       total 175104K, used 6249K [0x00000006c1000000, 0x00000006cbb00000, 0x000000076b000000)
  object space 175104K, 3% used [0x00000006c1000000,0x00000006c161a6b8,0x00000006cbb00000)
 Metaspace       used 18534K, capacity 18815K, committed 19200K, reserved 1067008K
  class space    used 2187K, capacity 2269K, committed 2304K, reserved 1048576K
Event: 5.244 GC heap after
Heap after GC invocations=2 (full 0):
 PSYoungGen      total 76288K, used 10737K [0x000000076b000000, 0x0000000770500000, 0x00000007c0000000)
  eden space 65536K, 0% used [0x000000076b000000,0x000000076b000000,0x000000076f000000)
  from space 10752K, 99% used [0x000000076fa80000,0x00000007704fc4c0,0x0000000770500000)
  to   space 10752K, 0% used [0x000000076f000000,0x000000076f000000,0x000000076fa80000)
 ParOldGen       total 175104K, used 11803K [0x00000006c1000000, 0x00000006cbb00000, 0x000000076b000000)
  object space 175104K, 6% used [0x00000006c1000000,0x00000006c1b86d30,0x00000006cbb00000)
 Metaspace       used 18534K, capacity 18815K, committed 19200K, reserved 1067008K
  class space    used 2187K, capacity 2269K, committed 2304K, reserved 1048576K
}
Event: 5.441 GC heap before
{Heap before GC invocations=3 (full 0):
 PSYoungGen      total 76288K, used 76273K [0x000000076b000000, 0x0000000770500000, 0x00000007c0000000)
  eden space 65536K, 100% used [0x000000076b000000,0x000000076f000000,0x000000076f000000)
  from space 10752K, 99% used [0x000000076fa80000,0x00000007704fc4c0,0x0000000770500000)
  to   space 10752K, 0% used [0x000000076f000000,0x000000076f000000,0x000000076fa80000)
 ParOldGen       total 175104K, used 11803K [0x00000006c1000000, 0x00000006cbb00000, 0x000000076b000000)
  object space 175104K, 6% used [0x00000006c1000000,0x00000006c1b86d30,0x00000006cbb00000)
 Metaspace       used 18651K, capacity 18879K, committed 19200K, reserved 1067008K
  class space    used 2202K, capacity 2269K, committed 2304K, reserved 1048576K
Event: 5.450 GC heap after
Heap after GC invocations=3 (full 0):
 PSYoungGen      total 76288K, used 9433K [0x000000076b000000, 0x0000000774500000, 0x00000007c0000000)
  eden space 65536K, 0% used [0x000000076b000000,0x000000076b000000,0x000000076f000000)
  from space 10752K, 87% used [0x000000076f000000,0x000000076f9364a8,0x000000076fa80000)
  to   space 10752K, 0% used [0x0000000773a80000,0x0000000773a80000,0x0000000774500000)
 ParOldGen       total 175104K, used 36103K [0x00000006c1000000, 0x00000006cbb00000, 0x000000076b000000)
  object space 175104K, 20% used [0x00000006c1000000,0x00000006c3341d60,0x00000006cbb00000)
 Metaspace       used 18651K, capacity 18879K, committed 19200K, reserved 1067008K
  class space    used 2202K, capacity 2269K, committed 2304K, reserved 1048576K
}

